<?xml version="1.0" encoding="UTF-8"?>
<!-- Generated by org.testng.reporters.JUnitReportReporter -->
<testsuite hostname="CSE1605378" failures="0" tests="4" name="createidTest.CreateIdTest" time="35.666" errors="0" timestamp="2020-10-30T10:28:55 IST" skipped="0">
  <testcase classname="createidTest.CreateIdTest" name="createIdTest" time="7.808"/>
  <system-out/>
  <testcase classname="createidTest.CreateIdTest" name="createIdTest" time="7.796"/>
  <system-out/>
  <testcase classname="createidTest.CreateIdTest" name="createIdTest" time="12.675"/>
  <system-out/>
  <testcase classname="createidTest.CreateIdTest" name="createIdTest" time="7.387"/>
  <system-out/>
</testsuite> <!-- createidTest.CreateIdTest -->
