<?xml version="1.0" encoding="UTF-8"?>
<!-- Generated by org.testng.reporters.JUnitReportReporter -->
<testsuite hostname="CSE1605378" failures="0" tests="4" name="createidTest.CreateIdTest" time="37.701" errors="0" timestamp="2020-10-30T11:03:52 IST" skipped="0">
  <testcase classname="createidTest.CreateIdTest" name="createIdTest" time="13.728"/>
  <system-out/>
  <testcase classname="createidTest.CreateIdTest" name="createIdTest" time="7.675"/>
  <system-out/>
  <testcase classname="createidTest.CreateIdTest" name="createIdTest" time="8.351"/>
  <system-out/>
  <testcase classname="createidTest.CreateIdTest" name="createIdTest" time="7.947"/>
  <system-out/>
</testsuite> <!-- createidTest.CreateIdTest -->
