<?xml version="1.0" encoding="UTF-8"?>
<!-- Generated by org.testng.reporters.JUnitReportReporter -->
<testsuite hostname="CSE1605378" failures="0" tests="4" name="createidTest.CreateIdTest" time="38.161" errors="0" timestamp="2020-10-30T07:53:11 IST" skipped="0">
  <testcase classname="createidTest.CreateIdTest" name="createIdTest" time="7.572"/>
  <system-out/>
  <testcase classname="createidTest.CreateIdTest" name="createIdTest" time="7.560"/>
  <system-out/>
  <testcase classname="createidTest.CreateIdTest" name="createIdTest" time="15.511"/>
  <system-out/>
  <testcase classname="createidTest.CreateIdTest" name="createIdTest" time="7.518"/>
  <system-out/>
</testsuite> <!-- createidTest.CreateIdTest -->
