<?xml version="1.0" encoding="UTF-8"?>
<!-- Generated by org.testng.reporters.JUnitReportReporter -->
<testsuite hostname="CSE1605378" failures="0" tests="4" name="createidTest.CreateIdTest" time="39.418" errors="0" timestamp="2020-10-09T13:40:01 IST" skipped="0">
  <testcase classname="createidTest.CreateIdTest" name="createIdTest" time="12.629"/>
  <system-out/>
  <testcase classname="createidTest.CreateIdTest" name="createIdTest" time="9.167"/>
  <system-out/>
  <testcase classname="createidTest.CreateIdTest" name="createIdTest" time="9.456"/>
  <system-out/>
  <testcase classname="createidTest.CreateIdTest" name="createIdTest" time="8.166"/>
  <system-out/>
</testsuite> <!-- createidTest.CreateIdTest -->
